<!DOCTYPE html PUBLIC "-//W3C//DTD XHTML 1.1//EN" "http://www.w3.org/TR/xhtml11/DTD/xhtml11.dtd">
<html xmlns="http://www.w3.org/1999/xhtml">
<head>
<meta http-equiv="content-type" content="text/html; charset=UTF-8"/>
<title>TestNG Report</title>
<style type="text/css">table {margin-bottom:10px;border-collapse:collapse;empty-cells:show}th,td {border:1px solid #009;padding:.25em .5em}th {vertical-align:bottom}td {vertical-align:top}table a {font-weight:bold}.stripe td {background-color: #E6EBF9}.num {text-align:right}.passedodd td {background-color: #3F3}.passedeven td {background-color: #0A0}.skippedodd td {background-color: #DDD}.skippedeven td {background-color: #CCC}.failedodd td,.attn {background-color: #F33}.failedeven td,.stripe .attn {background-color: #D00}.stacktrace {white-space:pre;font-family:monospace}.totop {font-size:85%;text-align:center;border-bottom:2px solid #000}.invisible {display:none}</style>
</head>
<body>
<table>
<tr><th>Test</th><th># Passed</th><th># Skipped</th><th># Retried</th><th># Failed</th><th>Time (ms)</th><th>Included Groups</th><th>Excluded Groups</th></tr>
<tr><th colspan="8">Suite</th></tr>
<tr><td><a href="#t0">Test</a></td><td class="num">38</td><td class="num attn">1</td><td class="num">0</td><td class="num attn">5</td><td class="num">2,185,667</td><td></td><td></td></tr>
</table>
<table id='summary'><thead><tr><th>Class</th><th>Method</th><th>Start</th><th>Time (ms)</th></tr></thead><tbody><tr><th colspan="4">Suite</th></tr></tbody><tbody id="t0"><tr><th colspan="4">Test &#8212; failed (configuration methods)</th></tr><tr class="failedeven"><td rowspan="1">com.md.testcases.QuickQuotesTest</td><td><a href="#m0">Test</a></td><td rowspan="1">1653290445016</td><td rowspan="1">4123</td></tr><tr><th colspan="4">Test &#8212; failed</th></tr><tr class="failedeven"><td rowspan="4">com.md.testcases.ContractTest</td><td><a href="#m1">contract_VerifySearchContractUsingStakeHolder</a></td><td rowspan="1">1653290912931</td><td rowspan="1">42272</td></tr><tr class="failedeven"><td><a href="#m2">contract_VerifySearchContractUsingSupplier</a></td><td rowspan="1">1653290826967</td><td rowspan="1">43828</td></tr><tr class="failedeven"><td><a href="#m3">contract_VerifySearchContractUsingValue</a></td><td rowspan="1">1653290871277</td><td rowspan="1">41505</td></tr><tr class="failedeven"><td><a href="#m4">contract_VerifySupplierAndStakeHolderInRecipientPopup</a></td><td rowspan="1">1653291719354</td><td rowspan="1">67888</td></tr><tr class="failedodd"><td rowspan="1">com.md.testcases.QuickQuotesTest</td><td><a href="#m5">qq_VerifyAwardLotPopup</a></td><td rowspan="1">1653290425472</td><td rowspan="1">18868</td></tr><tr><th colspan="4">Test &#8212; skipped (configuration methods)</th></tr><tr class="skippedeven"><td rowspan="1">com.md.testcases.QuickQuotesTest</td><td><a href="#m6">Teardown</a></td><td rowspan="1">1653290449150</td><td rowspan="1">-1653290449150</td></tr><tr><th colspan="4">Test &#8212; skipped</th></tr><tr class="skippedeven"><td rowspan="1">com.md.testcases.QuickQuotesTest</td><td><a href="#m7">qq_VerifySearchQuote</a></td><td rowspan="1">1653290449144</td><td rowspan="1">0</td></tr><tr><th colspan="4">Test &#8212; passed</th></tr><tr class="passedeven"><td rowspan="22">com.md.testcases.ContractTest</td><td><a href="#m8">contract_VerifyAlertMsgIfHostAddedToSupplierContact</a></td><td rowspan="1">1653291390879</td><td rowspan="1">62572</td></tr><tr class="passedeven"><td><a href="#m9">contract_VerifyAlertMsgIfParticipantAddedToStakeHolder</a></td><td rowspan="1">1653291521060</td><td rowspan="1">63400</td></tr><tr class="passedeven"><td><a href="#m10">contract_VerifyAlertMsgOnSearchingContracts</a></td><td rowspan="1">1653290678850</td><td rowspan="1">33966</td></tr><tr class="passedeven"><td><a href="#m11">contract_VerifyAutoSuggestionForStakeHolder</a></td><td rowspan="1">1653291263492</td><td rowspan="1">65237</td></tr><tr class="passedeven"><td><a href="#m12">contract_VerifyAutoSuggestionForSupplierContact</a></td><td rowspan="1">1653291198893</td><td rowspan="1">64597</td></tr><tr class="passedeven"><td><a href="#m13">contract_VerifyContractListingOnLanguageChange</a></td><td rowspan="1">1653291941610</td><td rowspan="1">98053</td></tr><tr class="passedeven"><td><a href="#m14">contract_VerifyContractValidationMsg</a></td><td rowspan="1">1653290955338</td><td rowspan="1">59864</td></tr><tr class="passedeven"><td><a href="#m15">contract_VerifyDisplayOfDropbox</a></td><td rowspan="1">1653291584461</td><td rowspan="1">58591</td></tr><tr class="passedeven"><td><a href="#m16">contract_VerifyDisplayOfParentHeirarchyDropdown</a></td><td rowspan="1">1653291787738</td><td rowspan="1">58385</td></tr><tr class="passedeven"><td><a href="#m17">contract_VerifyDisplayOfSupplierContactDetails</a></td><td rowspan="1">1653291328731</td><td rowspan="1">62147</td></tr><tr class="passedeven"><td><a href="#m18">contract_VerifyHeadingOnContractListingPage</a></td><td rowspan="1">1653290507165</td><td rowspan="1">34054</td></tr><tr class="passedeven"><td><a href="#m19">contract_VerifyLanguageChange</a></td><td rowspan="1">1653291846124</td><td rowspan="1">95485</td></tr><tr class="passedeven"><td><a href="#m20">contract_VerifyNoticePeriodChangeAccordingToPeriodSelected</a></td><td rowspan="1">1653291643052</td><td rowspan="1">76301</td></tr><tr class="passedeven"><td><a href="#m21">contract_VerifyOneMonthNoticePeriodIsSelectedByDefault</a></td><td rowspan="1">1653291072002</td><td rowspan="1">67732</td></tr><tr class="passedeven"><td><a href="#m22">contract_VerifyRemovalOfSupplierContact</a></td><td rowspan="1">1653291453452</td><td rowspan="1">67608</td></tr><tr class="passedeven"><td><a href="#m23">contract_VerifySearchContractUsingExpiryDate</a></td><td rowspan="1">1653290782652</td><td rowspan="1">44314</td></tr><tr class="passedeven"><td><a href="#m24">contract_VerifySearchContractUsingStartDate</a></td><td rowspan="1">1653290747681</td><td rowspan="1">34970</td></tr><tr class="passedeven"><td><a href="#m25">contract_VerifySearchContractUsingTitle</a></td><td rowspan="1">1653290712817</td><td rowspan="1">34863</td></tr><tr class="passedeven"><td><a href="#m26">contract_VerifyUserIsAbleToAddContract</a></td><td rowspan="1">1653290541220</td><td rowspan="1">106635</td></tr><tr class="passedeven"><td><a href="#m27">contract_VerifyUserIsAbleToEditContract</a></td><td rowspan="1">1653291139735</td><td rowspan="1">59157</td></tr><tr class="passedeven"><td><a href="#m28">contract_VerifyUserIsAbleToSearchContract</a></td><td rowspan="1">1653290647856</td><td rowspan="1">30993</td></tr><tr class="passedeven"><td><a href="#m29">contract_VerifyUserNavigationToContractForm</a></td><td rowspan="1">1653291015202</td><td rowspan="1">56798</td></tr><tr class="passedodd"><td rowspan="16">com.md.testcases.QuickQuotesTest</td><td><a href="#m30">qq_VerfiyEditQQEvent</a></td><td rowspan="1">1653290028945</td><td rowspan="1">51312</td></tr><tr class="passedodd"><td><a href="#m31">qq_VerfiyQQEventWithAllDetails</a></td><td rowspan="1">1653290376688</td><td rowspan="1">17252</td></tr><tr class="passedodd"><td><a href="#m32">qq_VerifyCKEditor</a></td><td rowspan="1">1653290016951</td><td rowspan="1">6636</td></tr><tr class="passedodd"><td><a href="#m33">qq_VerifyClosedReopenEvent</a></td><td rowspan="1">1653290399381</td><td rowspan="1">20683</td></tr><tr class="passedodd"><td><a href="#m34">qq_VerifyCompanyLogo</a></td><td rowspan="1">1653289908288</td><td rowspan="1">38</td></tr><tr class="passedodd"><td><a href="#m35">qq_VerifyCurrencySymbol</a></td><td rowspan="1">1653290346170</td><td rowspan="1">25123</td></tr><tr class="passedodd"><td><a href="#m36">qq_VerifyDeleteQuote</a></td><td rowspan="1">1653289981661</td><td rowspan="1">12523</td></tr><tr class="passedodd"><td><a href="#m37">qq_VerifyEditContent</a></td><td rowspan="1">1653289963175</td><td rowspan="1">13032</td></tr><tr class="passedodd"><td><a href="#m38">qq_VerifyGetQuoteButtonIsDisable</a></td><td rowspan="1">1653289934452</td><td rowspan="1">2325</td></tr><tr class="passedodd"><td><a href="#m39">qq_VerifyParticpantAddedFromGroup</a></td><td rowspan="1">1653289999581</td><td rowspan="1">11994</td></tr><tr class="passedodd"><td><a href="#m40">qq_VerifyQuestionnaireAndAllowResubmissioninSandpit</a></td><td rowspan="1">1653290085726</td><td rowspan="1">255042</td></tr><tr class="passedodd"><td><a href="#m41">qq_VerifyQuotebyName</a></td><td rowspan="1">1653289951921</td><td rowspan="1">5856</td></tr><tr class="passedodd"><td><a href="#m42">qq_VerifyTitleTest</a></td><td rowspan="1">1653289897470</td><td rowspan="1">37</td></tr><tr class="passedodd"><td><a href="#m43">qq_VerifyToasterMessage</a></td><td rowspan="1">1653289942231</td><td rowspan="1">4347</td></tr><tr class="passedodd"><td><a href="#m44">qq_VerifyUserName</a></td><td rowspan="1">1653289902885</td><td rowspan="1">38</td></tr><tr class="passedodd"><td><a href="#m45">qq_VerifyValidationMessageOnNamefield</a></td><td rowspan="1">1653289913684</td><td rowspan="1">15217</td></tr></tbody>
</table>
<h2>Test</h2><h3 id="m0">com.md.testcases.QuickQuotesTest#Test</h3><table class="result"><tr><th>Exception</th></tr><tr><td><div class="stacktrace">org.openqa.selenium.ElementClickInterceptedException: element click intercepted: Element &lt;a class=&quot;menu-item-tab header-main-link&quot; href=&quot;/quick_quotes/quotes&quot; style=&quot;color: rgb(255, 255, 255);&quot;&gt;...&lt;/a&gt; is not clickable at point (344, 30). Other element would receive the click: &lt;div class=&quot;alert alert-info&quot;&gt;...&lt;/div&gt;
  (Session info: chrome=99.0.4844.82)
Build info: version: &apos;4.1.4&apos;, revision: &apos;535d840ee2&apos;
System info: host: &apos;CISM-I-458&apos;, ip: &apos;192.168.2.203&apos;, os.name: &apos;Windows 10&apos;, os.arch: &apos;amd64&apos;, os.version: &apos;10.0&apos;, java.version: &apos;1.8.0_281&apos;
Driver info: org.openqa.selenium.chrome.ChromeDriver
Command: [e4daccc12d6a657d499f1d2493a9e469, clickElement {id=6aa2f0ee-3be8-4a47-a2ae-cd44f5c59eba}]
Capabilities {acceptInsecureCerts: false, browserName: chrome, browserVersion: 99.0.4844.82, chrome: {chromedriverVersion: 99.0.4844.51 (d537ec02474b5..., userDataDir: C:\Users\cis\AppData\Local\...}, goog:chromeOptions: {debuggerAddress: localhost:60332}, javascriptEnabled: true, networkConnectionEnabled: false, pageLoadStrategy: normal, platform: WINDOWS, platformName: WINDOWS, proxy: Proxy(), se:cdp: ws://localhost:60332/devtoo..., se:cdpVersion: 99.0.4844.82, setWindowRect: true, strictFileInteractability: false, timeouts: {implicit: 0, pageLoad: 300000, script: 30000}, unhandledPromptBehavior: dismiss and notify, webauthn:extension:credBlob: true, webauthn:extension:largeBlob: true, webauthn:virtualAuthenticators: true}
Element: [[ChromeDriver: chrome on WINDOWS (e4daccc12d6a657d499f1d2493a9e469)] -&gt; xpath: //li[@class=&apos;mobile-menu-hidden&apos;]//a[@class=&apos;menu-item-tab header-main-link&apos;][normalize-space()=&apos;Quotes&apos;]]
Session ID: e4daccc12d6a657d499f1d2493a9e469
	at org.openqa.selenium.remote.codec.w3c.W3CHttpResponseCodec.createException(W3CHttpResponseCodec.java:200)
	at org.openqa.selenium.remote.codec.w3c.W3CHttpResponseCodec.decode(W3CHttpResponseCodec.java:133)
	at org.openqa.selenium.remote.codec.w3c.W3CHttpResponseCodec.decode(W3CHttpResponseCodec.java:53)
	at org.openqa.selenium.remote.HttpCommandExecutor.execute(HttpCommandExecutor.java:184)
	at org.openqa.selenium.remote.service.DriverCommandExecutor.invokeExecute(DriverCommandExecutor.java:167)
	at org.openqa.selenium.remote.service.DriverCommandExecutor.execute(DriverCommandExecutor.java:142)
	at org.openqa.selenium.remote.RemoteWebDriver.execute(RemoteWebDriver.java:567)
	at org.openqa.selenium.remote.RemoteWebElement.execute(RemoteWebElement.java:251)
	at org.openqa.selenium.remote.RemoteWebElement.click(RemoteWebElement.java:77)
	at org.openqa.selenium.support.pagefactory.internal.LocatingElementHandler.invoke(LocatingElementHandler.java:52)
	at com.sun.proxy.$Proxy30.click(Unknown Source)
	at com.md.pages.QuickQuotesPage.quoteListingToCreate(QuickQuotesPage.java:528)
	at com.md.testcases.QuickQuotesTest.Test(QuickQuotesTest.java:38)
	at java.util.ArrayList.forEach(ArrayList.java:1259)
... Removed 41 stack frames</div></td></tr></table><p class="totop"><a href="#summary">back to summary</a></p>
<h3 id="m1">com.md.testcases.ContractTest#contract_VerifySearchContractUsingStakeHolder</h3><table class="result"><tr><th>Exception</th></tr><tr><td><div class="stacktrace">org.openqa.selenium.json.JsonException: java.lang.reflect.InvocationTargetException
Build info: version: &apos;4.1.4&apos;, revision: &apos;535d840ee2&apos;
System info: host: &apos;CISM-I-458&apos;, ip: &apos;192.168.2.203&apos;, os.name: &apos;Windows 10&apos;, os.arch: &apos;amd64&apos;, os.version: &apos;10.0&apos;, java.version: &apos;1.8.0_281&apos;
Driver info: org.openqa.selenium.chrome.ChromeDriver
Command: [877de29ccff43adfceedc8ee3c75b3ea, actions {actions=[org.openqa.selenium.interactions.Sequence@7f5f7731]}]
Capabilities {acceptInsecureCerts: false, browserName: chrome, browserVersion: 99.0.4844.82, chrome: {chromedriverVersion: 99.0.4844.51 (d537ec02474b5..., userDataDir: C:\Users\cis\AppData\Local\...}, goog:chromeOptions: {debuggerAddress: localhost:56176}, javascriptEnabled: true, networkConnectionEnabled: false, pageLoadStrategy: normal, platform: WINDOWS, platformName: WINDOWS, proxy: Proxy(), se:cdp: ws://localhost:56176/devtoo..., se:cdpVersion: 99.0.4844.82, setWindowRect: true, strictFileInteractability: false, timeouts: {implicit: 0, pageLoad: 300000, script: 30000}, unhandledPromptBehavior: dismiss and notify, webauthn:extension:credBlob: true, webauthn:extension:largeBlob: true, webauthn:virtualAuthenticators: true}
Session ID: 877de29ccff43adfceedc8ee3c75b3ea
	at org.openqa.selenium.json.JsonOutput.convertUsingMethod(JsonOutput.java:362)
	at org.openqa.selenium.json.JsonOutput.lambda$new$16(JsonOutput.java:154)
	at org.openqa.selenium.json.JsonOutput.write(JsonOutput.java:287)
	at org.openqa.selenium.json.JsonOutput.lambda$new$22(JsonOutput.java:169)
	at java.util.stream.ForEachOps$ForEachOp$OfRef.accept(ForEachOps.java:184)
	at java.util.stream.ReferencePipeline$2$1.accept(ReferencePipeline.java:175)
	at java.util.Iterator.forEachRemaining(Iterator.java:116)
	at java.util.Spliterators$IteratorSpliterator.forEachRemaining(Spliterators.java:1801)
	at java.util.stream.AbstractPipeline.copyInto(AbstractPipeline.java:482)
	at java.util.stream.AbstractPipeline.wrapAndCopyInto(AbstractPipeline.java:472)
	at java.util.stream.ForEachOps$ForEachOp.evaluateSequential(ForEachOps.java:151)
	at java.util.stream.ForEachOps$ForEachOp$OfRef.evaluateSequential(ForEachOps.java:174)
	at java.util.stream.AbstractPipeline.evaluate(AbstractPipeline.java:234)
	at java.util.stream.ReferencePipeline.forEach(ReferencePipeline.java:418)
	at org.openqa.selenium.json.JsonOutput.lambda$new$23(JsonOutput.java:169)
	at org.openqa.selenium.json.JsonOutput.write(JsonOutput.java:287)
	at org.openqa.selenium.json.JsonOutput.lambda$new$24(JsonOutput.java:182)
	at com.google.common.collect.SingletonImmutableBiMap.forEach(SingletonImmutableBiMap.java:68)
	at org.openqa.selenium.json.JsonOutput.lambda$new$25(JsonOutput.java:177)
	at org.openqa.selenium.json.JsonOutput.write(JsonOutput.java:287)
	at org.openqa.selenium.json.JsonOutput.write(JsonOutput.java:278)
	at org.openqa.selenium.json.Json.toJson(Json.java:42)
	at org.openqa.selenium.remote.codec.AbstractHttpCommandCodec.encode(AbstractHttpCommandCodec.java:259)
	at org.openqa.selenium.remote.codec.AbstractHttpCommandCodec.encode(AbstractHttpCommandCodec.java:127)
	at org.openqa.selenium.remote.HttpCommandExecutor.execute(HttpCommandExecutor.java:172)
	at org.openqa.selenium.remote.service.DriverCommandExecutor.invokeExecute(DriverCommandExecutor.java:167)
	at org.openqa.selenium.remote.service.DriverCommandExecutor.execute(DriverCommandExecutor.java:142)
	at org.openqa.selenium.remote.RemoteWebDriver.execute(RemoteWebDriver.java:567)
	at org.openqa.selenium.remote.RemoteWebDriver.perform(RemoteWebDriver.java:635)
	at org.openqa.selenium.interactions.Actions$BuiltAction.perform(Actions.java:656)
	at com.md.pages.ContractPage.VerifySearchContractUsingStakeHolder(ContractPage.java:748)
	at com.md.testcases.ContractTest.contract_VerifySearchContractUsingStakeHolder(ContractTest.java:96)
	at java.util.ArrayList.forEach(ArrayList.java:1259)
	Suppressed: org.openqa.selenium.json.JsonException: Attempting to close incomplete json stream
Build info: version: &apos;4.1.4&apos;, revision: &apos;535d840ee2&apos;
System info: host: &apos;CISM-I-458&apos;, ip: &apos;192.168.2.203&apos;, os.name: &apos;Windows 10&apos;, os.arch: &apos;amd64&apos;, os.version: &apos;10.0&apos;, java.version: &apos;1.8.0_281&apos;
Driver info: driver.version: RemoteWebDriver
		at org.openqa.selenium.json.JsonOutput.close(JsonOutput.java:303)
		at org.openqa.selenium.json.Json.toJson(Json.java:40)
		... 42 more
	at org.openqa.selenium.json.JsonOutput.convertUsingMethod(JsonOutput.java:358)
	... 63 more
Caused by: org.openqa.selenium.NoSuchElementException: no such element: Unable to locate element: {&quot;method&quot;:&quot;xpath&quot;,&quot;selector&quot;:&quot;//tr[@class=&apos;search-row&apos;]/td[13]/div/div//input[@id=&apos;search_input&apos;]&quot;}
  (Session info: chrome=99.0.4844.82)
For documentation on this error, please visit: https://selenium.dev/exceptions/#no_such_element
Build info: version: &apos;4.1.4&apos;, revision: &apos;535d840ee2&apos;
System info: host: &apos;CISM-I-458&apos;, ip: &apos;192.168.2.203&apos;, os.name: &apos;Windows 10&apos;, os.arch: &apos;amd64&apos;, os.version: &apos;10.0&apos;, java.version: &apos;1.8.0_281&apos;
Driver info: org.openqa.selenium.chrome.ChromeDriver
Command: [877de29ccff43adfceedc8ee3c75b3ea, findElement {using=xpath, value=//tr[@class=&apos;search-row&apos;]/td[13]/div/div//input[@id=&apos;search_input&apos;]}]
Capabilities {acceptInsecureCerts: false, browserName: chrome, browserVersion: 99.0.4844.82, chrome: {chromedriverVersion: 99.0.4844.51 (d537ec02474b5..., userDataDir: C:\Users\cis\AppData\Local\...}, goog:chromeOptions: {debuggerAddress: localhost:56176}, javascriptEnabled: true, networkConnectionEnabled: false, pageLoadStrategy: normal, platform: WINDOWS, platformName: WINDOWS, proxy: Proxy(), se:cdp: ws://localhost:56176/devtoo..., se:cdpVersion: 99.0.4844.82, setWindowRect: true, strictFileInteractability: false, timeouts: {implicit: 0, pageLoad: 300000, script: 30000}, unhandledPromptBehavior: dismiss and notify, webauthn:extension:credBlob: true, webauthn:extension:largeBlob: true, webauthn:virtualAuthenticators: true}
Session ID: 877de29ccff43adfceedc8ee3c75b3ea
	at org.openqa.selenium.remote.codec.w3c.W3CHttpResponseCodec.createException(W3CHttpResponseCodec.java:200)
	at org.openqa.selenium.remote.codec.w3c.W3CHttpResponseCodec.decode(W3CHttpResponseCodec.java:133)
	at org.openqa.selenium.remote.codec.w3c.W3CHttpResponseCodec.decode(W3CHttpResponseCodec.java:53)
	at org.openqa.selenium.remote.HttpCommandExecutor.execute(HttpCommandExecutor.java:184)
	at org.openqa.selenium.remote.service.DriverCommandExecutor.invokeExecute(DriverCommandExecutor.java:167)
	at org.openqa.selenium.remote.service.DriverCommandExecutor.execute(DriverCommandExecutor.java:142)
	at org.openqa.selenium.remote.RemoteWebDriver.execute(RemoteWebDriver.java:567)
	at org.openqa.selenium.remote.ElementLocation$ElementFinder$2.findElement(ElementLocation.java:162)
	at org.openqa.selenium.remote.ElementLocation.findElement(ElementLocation.java:60)
	at org.openqa.selenium.remote.RemoteWebDriver.findElement(RemoteWebDriver.java:385)
	at org.openqa.selenium.remote.RemoteWebDriver.findElement(RemoteWebDriver.java:377)
	at org.openqa.selenium.support.pagefactory.DefaultElementLocator.findElement(DefaultElementLocator.java:70)
	at org.openqa.selenium.support.pagefactory.internal.LocatingElementHandler.invoke(LocatingElementHandler.java:39)
	at com.sun.proxy.$Proxy30.getWrappedElement(Unknown Source)
	at org.openqa.selenium.interactions.PointerInput$Origin.asArg(PointerInput.java:234)
	at org.openqa.selenium.interactions.PointerInput$Move.encode(PointerInput.java:185)
	at org.openqa.selenium.interactions.Sequence.encode(Sequence.java:73)
	at org.openqa.selenium.interactions.Sequence.toJson(Sequence.java:82)
	... 68 more
... Removed 40 stack frames</div></td></tr></table><p class="totop"><a href="#summary">back to summary</a></p>
<h3 id="m2">com.md.testcases.ContractTest#contract_VerifySearchContractUsingSupplier</h3><table class="result"><tr><th>Exception</th></tr><tr><td><div class="stacktrace">org.openqa.selenium.json.JsonException: java.lang.reflect.InvocationTargetException
Build info: version: &apos;4.1.4&apos;, revision: &apos;535d840ee2&apos;
System info: host: &apos;CISM-I-458&apos;, ip: &apos;192.168.2.203&apos;, os.name: &apos;Windows 10&apos;, os.arch: &apos;amd64&apos;, os.version: &apos;10.0&apos;, java.version: &apos;1.8.0_281&apos;
Driver info: org.openqa.selenium.chrome.ChromeDriver
Command: [877de29ccff43adfceedc8ee3c75b3ea, actions {actions=[org.openqa.selenium.interactions.Sequence@c157abf]}]
Capabilities {acceptInsecureCerts: false, browserName: chrome, browserVersion: 99.0.4844.82, chrome: {chromedriverVersion: 99.0.4844.51 (d537ec02474b5..., userDataDir: C:\Users\cis\AppData\Local\...}, goog:chromeOptions: {debuggerAddress: localhost:56176}, javascriptEnabled: true, networkConnectionEnabled: false, pageLoadStrategy: normal, platform: WINDOWS, platformName: WINDOWS, proxy: Proxy(), se:cdp: ws://localhost:56176/devtoo..., se:cdpVersion: 99.0.4844.82, setWindowRect: true, strictFileInteractability: false, timeouts: {implicit: 0, pageLoad: 300000, script: 30000}, unhandledPromptBehavior: dismiss and notify, webauthn:extension:credBlob: true, webauthn:extension:largeBlob: true, webauthn:virtualAuthenticators: true}
Session ID: 877de29ccff43adfceedc8ee3c75b3ea
	at org.openqa.selenium.json.JsonOutput.convertUsingMethod(JsonOutput.java:362)
	at org.openqa.selenium.json.JsonOutput.lambda$new$16(JsonOutput.java:154)
	at org.openqa.selenium.json.JsonOutput.write(JsonOutput.java:287)
	at org.openqa.selenium.json.JsonOutput.lambda$new$22(JsonOutput.java:169)
	at java.util.stream.ForEachOps$ForEachOp$OfRef.accept(ForEachOps.java:184)
	at java.util.stream.ReferencePipeline$2$1.accept(ReferencePipeline.java:175)
	at java.util.Iterator.forEachRemaining(Iterator.java:116)
	at java.util.Spliterators$IteratorSpliterator.forEachRemaining(Spliterators.java:1801)
	at java.util.stream.AbstractPipeline.copyInto(AbstractPipeline.java:482)
	at java.util.stream.AbstractPipeline.wrapAndCopyInto(AbstractPipeline.java:472)
	at java.util.stream.ForEachOps$ForEachOp.evaluateSequential(ForEachOps.java:151)
	at java.util.stream.ForEachOps$ForEachOp$OfRef.evaluateSequential(ForEachOps.java:174)
	at java.util.stream.AbstractPipeline.evaluate(AbstractPipeline.java:234)
	at java.util.stream.ReferencePipeline.forEach(ReferencePipeline.java:418)
	at org.openqa.selenium.json.JsonOutput.lambda$new$23(JsonOutput.java:169)
	at org.openqa.selenium.json.JsonOutput.write(JsonOutput.java:287)
	at org.openqa.selenium.json.JsonOutput.lambda$new$24(JsonOutput.java:182)
	at com.google.common.collect.SingletonImmutableBiMap.forEach(SingletonImmutableBiMap.java:68)
	at org.openqa.selenium.json.JsonOutput.lambda$new$25(JsonOutput.java:177)
	at org.openqa.selenium.json.JsonOutput.write(JsonOutput.java:287)
	at org.openqa.selenium.json.JsonOutput.write(JsonOutput.java:278)
	at org.openqa.selenium.json.Json.toJson(Json.java:42)
	at org.openqa.selenium.remote.codec.AbstractHttpCommandCodec.encode(AbstractHttpCommandCodec.java:259)
	at org.openqa.selenium.remote.codec.AbstractHttpCommandCodec.encode(AbstractHttpCommandCodec.java:127)
	at org.openqa.selenium.remote.HttpCommandExecutor.execute(HttpCommandExecutor.java:172)
	at org.openqa.selenium.remote.service.DriverCommandExecutor.invokeExecute(DriverCommandExecutor.java:167)
	at org.openqa.selenium.remote.service.DriverCommandExecutor.execute(DriverCommandExecutor.java:142)
	at org.openqa.selenium.remote.RemoteWebDriver.execute(RemoteWebDriver.java:567)
	at org.openqa.selenium.remote.RemoteWebDriver.perform(RemoteWebDriver.java:635)
	at org.openqa.selenium.interactions.Actions$BuiltAction.perform(Actions.java:656)
	at com.md.pages.ContractPage.VerifySearchContractUsingSupplier(ContractPage.java:659)
	at com.md.testcases.ContractTest.contract_VerifySearchContractUsingSupplier(ContractTest.java:83)
	at java.util.ArrayList.forEach(ArrayList.java:1259)
	Suppressed: org.openqa.selenium.json.JsonException: Attempting to close incomplete json stream
Build info: version: &apos;4.1.4&apos;, revision: &apos;535d840ee2&apos;
System info: host: &apos;CISM-I-458&apos;, ip: &apos;192.168.2.203&apos;, os.name: &apos;Windows 10&apos;, os.arch: &apos;amd64&apos;, os.version: &apos;10.0&apos;, java.version: &apos;1.8.0_281&apos;
Driver info: driver.version: RemoteWebDriver
		at org.openqa.selenium.json.JsonOutput.close(JsonOutput.java:303)
		at org.openqa.selenium.json.Json.toJson(Json.java:40)
		... 42 more
	at org.openqa.selenium.json.JsonOutput.convertUsingMethod(JsonOutput.java:358)
	... 63 more
Caused by: org.openqa.selenium.NoSuchElementException: no such element: Unable to locate element: {&quot;method&quot;:&quot;xpath&quot;,&quot;selector&quot;:&quot;//tr[@class=&apos;search-row&apos;]/td[7]/div/div//input[@id=&apos;search_input&apos;]&quot;}
  (Session info: chrome=99.0.4844.82)
For documentation on this error, please visit: https://selenium.dev/exceptions/#no_such_element
Build info: version: &apos;4.1.4&apos;, revision: &apos;535d840ee2&apos;
System info: host: &apos;CISM-I-458&apos;, ip: &apos;192.168.2.203&apos;, os.name: &apos;Windows 10&apos;, os.arch: &apos;amd64&apos;, os.version: &apos;10.0&apos;, java.version: &apos;1.8.0_281&apos;
Driver info: org.openqa.selenium.chrome.ChromeDriver
Command: [877de29ccff43adfceedc8ee3c75b3ea, findElement {using=xpath, value=//tr[@class=&apos;search-row&apos;]/td[7]/div/div//input[@id=&apos;search_input&apos;]}]
Capabilities {acceptInsecureCerts: false, browserName: chrome, browserVersion: 99.0.4844.82, chrome: {chromedriverVersion: 99.0.4844.51 (d537ec02474b5..., userDataDir: C:\Users\cis\AppData\Local\...}, goog:chromeOptions: {debuggerAddress: localhost:56176}, javascriptEnabled: true, networkConnectionEnabled: false, pageLoadStrategy: normal, platform: WINDOWS, platformName: WINDOWS, proxy: Proxy(), se:cdp: ws://localhost:56176/devtoo..., se:cdpVersion: 99.0.4844.82, setWindowRect: true, strictFileInteractability: false, timeouts: {implicit: 0, pageLoad: 300000, script: 30000}, unhandledPromptBehavior: dismiss and notify, webauthn:extension:credBlob: true, webauthn:extension:largeBlob: true, webauthn:virtualAuthenticators: true}
Session ID: 877de29ccff43adfceedc8ee3c75b3ea
	at org.openqa.selenium.remote.codec.w3c.W3CHttpResponseCodec.createException(W3CHttpResponseCodec.java:200)
	at org.openqa.selenium.remote.codec.w3c.W3CHttpResponseCodec.decode(W3CHttpResponseCodec.java:133)
	at org.openqa.selenium.remote.codec.w3c.W3CHttpResponseCodec.decode(W3CHttpResponseCodec.java:53)
	at org.openqa.selenium.remote.HttpCommandExecutor.execute(HttpCommandExecutor.java:184)
	at org.openqa.selenium.remote.service.DriverCommandExecutor.invokeExecute(DriverCommandExecutor.java:167)
	at org.openqa.selenium.remote.service.DriverCommandExecutor.execute(DriverCommandExecutor.java:142)
	at org.openqa.selenium.remote.RemoteWebDriver.execute(RemoteWebDriver.java:567)
	at org.openqa.selenium.remote.ElementLocation$ElementFinder$2.findElement(ElementLocation.java:162)
	at org.openqa.selenium.remote.ElementLocation.findElement(ElementLocation.java:60)
	at org.openqa.selenium.remote.RemoteWebDriver.findElement(RemoteWebDriver.java:385)
	at org.openqa.selenium.remote.RemoteWebDriver.findElement(RemoteWebDriver.java:377)
	at org.openqa.selenium.support.pagefactory.DefaultElementLocator.findElement(DefaultElementLocator.java:70)
	at org.openqa.selenium.support.pagefactory.internal.LocatingElementHandler.invoke(LocatingElementHandler.java:39)
	at com.sun.proxy.$Proxy30.getWrappedElement(Unknown Source)
	at org.openqa.selenium.interactions.PointerInput$Origin.asArg(PointerInput.java:234)
	at org.openqa.selenium.interactions.PointerInput$Move.encode(PointerInput.java:185)
	at org.openqa.selenium.interactions.Sequence.encode(Sequence.java:73)
	at org.openqa.selenium.interactions.Sequence.toJson(Sequence.java:82)
	... 68 more
... Removed 40 stack frames</div></td></tr></table><p class="totop"><a href="#summary">back to summary</a></p>
<h3 id="m3">com.md.testcases.ContractTest#contract_VerifySearchContractUsingValue</h3><table class="result"><tr><th>Exception</th></tr><tr><td><div class="stacktrace">org.openqa.selenium.json.JsonException: java.lang.reflect.InvocationTargetException
Build info: version: &apos;4.1.4&apos;, revision: &apos;535d840ee2&apos;
System info: host: &apos;CISM-I-458&apos;, ip: &apos;192.168.2.203&apos;, os.name: &apos;Windows 10&apos;, os.arch: &apos;amd64&apos;, os.version: &apos;10.0&apos;, java.version: &apos;1.8.0_281&apos;
Driver info: org.openqa.selenium.chrome.ChromeDriver
Command: [877de29ccff43adfceedc8ee3c75b3ea, actions {actions=[org.openqa.selenium.interactions.Sequence@552fffc8]}]
Capabilities {acceptInsecureCerts: false, browserName: chrome, browserVersion: 99.0.4844.82, chrome: {chromedriverVersion: 99.0.4844.51 (d537ec02474b5..., userDataDir: C:\Users\cis\AppData\Local\...}, goog:chromeOptions: {debuggerAddress: localhost:56176}, javascriptEnabled: true, networkConnectionEnabled: false, pageLoadStrategy: normal, platform: WINDOWS, platformName: WINDOWS, proxy: Proxy(), se:cdp: ws://localhost:56176/devtoo..., se:cdpVersion: 99.0.4844.82, setWindowRect: true, strictFileInteractability: false, timeouts: {implicit: 0, pageLoad: 300000, script: 30000}, unhandledPromptBehavior: dismiss and notify, webauthn:extension:credBlob: true, webauthn:extension:largeBlob: true, webauthn:virtualAuthenticators: true}
Session ID: 877de29ccff43adfceedc8ee3c75b3ea
	at org.openqa.selenium.json.JsonOutput.convertUsingMethod(JsonOutput.java:362)
	at org.openqa.selenium.json.JsonOutput.lambda$new$16(JsonOutput.java:154)
	at org.openqa.selenium.json.JsonOutput.write(JsonOutput.java:287)
	at org.openqa.selenium.json.JsonOutput.lambda$new$22(JsonOutput.java:169)
	at java.util.stream.ForEachOps$ForEachOp$OfRef.accept(ForEachOps.java:184)
	at java.util.stream.ReferencePipeline$2$1.accept(ReferencePipeline.java:175)
	at java.util.Iterator.forEachRemaining(Iterator.java:116)
	at java.util.Spliterators$IteratorSpliterator.forEachRemaining(Spliterators.java:1801)
	at java.util.stream.AbstractPipeline.copyInto(AbstractPipeline.java:482)
	at java.util.stream.AbstractPipeline.wrapAndCopyInto(AbstractPipeline.java:472)
	at java.util.stream.ForEachOps$ForEachOp.evaluateSequential(ForEachOps.java:151)
	at java.util.stream.ForEachOps$ForEachOp$OfRef.evaluateSequential(ForEachOps.java:174)
	at java.util.stream.AbstractPipeline.evaluate(AbstractPipeline.java:234)
	at java.util.stream.ReferencePipeline.forEach(ReferencePipeline.java:418)
	at org.openqa.selenium.json.JsonOutput.lambda$new$23(JsonOutput.java:169)
	at org.openqa.selenium.json.JsonOutput.write(JsonOutput.java:287)
	at org.openqa.selenium.json.JsonOutput.lambda$new$24(JsonOutput.java:182)
	at com.google.common.collect.SingletonImmutableBiMap.forEach(SingletonImmutableBiMap.java:68)
	at org.openqa.selenium.json.JsonOutput.lambda$new$25(JsonOutput.java:177)
	at org.openqa.selenium.json.JsonOutput.write(JsonOutput.java:287)
	at org.openqa.selenium.json.JsonOutput.write(JsonOutput.java:278)
	at org.openqa.selenium.json.Json.toJson(Json.java:42)
	at org.openqa.selenium.remote.codec.AbstractHttpCommandCodec.encode(AbstractHttpCommandCodec.java:259)
	at org.openqa.selenium.remote.codec.AbstractHttpCommandCodec.encode(AbstractHttpCommandCodec.java:127)
	at org.openqa.selenium.remote.HttpCommandExecutor.execute(HttpCommandExecutor.java:172)
	at org.openqa.selenium.remote.service.DriverCommandExecutor.invokeExecute(DriverCommandExecutor.java:167)
	at org.openqa.selenium.remote.service.DriverCommandExecutor.execute(DriverCommandExecutor.java:142)
	at org.openqa.selenium.remote.RemoteWebDriver.execute(RemoteWebDriver.java:567)
	at org.openqa.selenium.remote.RemoteWebDriver.perform(RemoteWebDriver.java:635)
	at org.openqa.selenium.interactions.Actions$BuiltAction.perform(Actions.java:656)
	at com.md.pages.ContractPage.VerifySearchContractUsingValue(ContractPage.java:724)
	at com.md.testcases.ContractTest.contract_VerifySearchContractUsingValue(ContractTest.java:90)
	at java.util.ArrayList.forEach(ArrayList.java:1259)
	Suppressed: org.openqa.selenium.json.JsonException: Attempting to close incomplete json stream
Build info: version: &apos;4.1.4&apos;, revision: &apos;535d840ee2&apos;
System info: host: &apos;CISM-I-458&apos;, ip: &apos;192.168.2.203&apos;, os.name: &apos;Windows 10&apos;, os.arch: &apos;amd64&apos;, os.version: &apos;10.0&apos;, java.version: &apos;1.8.0_281&apos;
Driver info: driver.version: RemoteWebDriver
		at org.openqa.selenium.json.JsonOutput.close(JsonOutput.java:303)
		at org.openqa.selenium.json.Json.toJson(Json.java:40)
		... 42 more
	at org.openqa.selenium.json.JsonOutput.convertUsingMethod(JsonOutput.java:358)
	... 63 more
Caused by: org.openqa.selenium.NoSuchElementException: no such element: Unable to locate element: {&quot;method&quot;:&quot;xpath&quot;,&quot;selector&quot;:&quot;//tr[@class=&apos;search-row&apos;]/td[13]/div/div//input[@id=&apos;search_input&apos;]&quot;}
  (Session info: chrome=99.0.4844.82)
For documentation on this error, please visit: https://selenium.dev/exceptions/#no_such_element
Build info: version: &apos;4.1.4&apos;, revision: &apos;535d840ee2&apos;
System info: host: &apos;CISM-I-458&apos;, ip: &apos;192.168.2.203&apos;, os.name: &apos;Windows 10&apos;, os.arch: &apos;amd64&apos;, os.version: &apos;10.0&apos;, java.version: &apos;1.8.0_281&apos;
Driver info: org.openqa.selenium.chrome.ChromeDriver
Command: [877de29ccff43adfceedc8ee3c75b3ea, findElement {using=xpath, value=//tr[@class=&apos;search-row&apos;]/td[13]/div/div//input[@id=&apos;search_input&apos;]}]
Capabilities {acceptInsecureCerts: false, browserName: chrome, browserVersion: 99.0.4844.82, chrome: {chromedriverVersion: 99.0.4844.51 (d537ec02474b5..., userDataDir: C:\Users\cis\AppData\Local\...}, goog:chromeOptions: {debuggerAddress: localhost:56176}, javascriptEnabled: true, networkConnectionEnabled: false, pageLoadStrategy: normal, platform: WINDOWS, platformName: WINDOWS, proxy: Proxy(), se:cdp: ws://localhost:56176/devtoo..., se:cdpVersion: 99.0.4844.82, setWindowRect: true, strictFileInteractability: false, timeouts: {implicit: 0, pageLoad: 300000, script: 30000}, unhandledPromptBehavior: dismiss and notify, webauthn:extension:credBlob: true, webauthn:extension:largeBlob: true, webauthn:virtualAuthenticators: true}
Session ID: 877de29ccff43adfceedc8ee3c75b3ea
	at org.openqa.selenium.remote.codec.w3c.W3CHttpResponseCodec.createException(W3CHttpResponseCodec.java:200)
	at org.openqa.selenium.remote.codec.w3c.W3CHttpResponseCodec.decode(W3CHttpResponseCodec.java:133)
	at org.openqa.selenium.remote.codec.w3c.W3CHttpResponseCodec.decode(W3CHttpResponseCodec.java:53)
	at org.openqa.selenium.remote.HttpCommandExecutor.execute(HttpCommandExecutor.java:184)
	at org.openqa.selenium.remote.service.DriverCommandExecutor.invokeExecute(DriverCommandExecutor.java:167)
	at org.openqa.selenium.remote.service.DriverCommandExecutor.execute(DriverCommandExecutor.java:142)
	at org.openqa.selenium.remote.RemoteWebDriver.execute(RemoteWebDriver.java:567)
	at org.openqa.selenium.remote.ElementLocation$ElementFinder$2.findElement(ElementLocation.java:162)
	at org.openqa.selenium.remote.ElementLocation.findElement(ElementLocation.java:60)
	at org.openqa.selenium.remote.RemoteWebDriver.findElement(RemoteWebDriver.java:385)
	at org.openqa.selenium.remote.RemoteWebDriver.findElement(RemoteWebDriver.java:377)
	at org.openqa.selenium.support.pagefactory.DefaultElementLocator.findElement(DefaultElementLocator.java:70)
	at org.openqa.selenium.support.pagefactory.internal.LocatingElementHandler.invoke(LocatingElementHandler.java:39)
	at com.sun.proxy.$Proxy30.getWrappedElement(Unknown Source)
	at org.openqa.selenium.interactions.PointerInput$Origin.asArg(PointerInput.java:234)
	at org.openqa.selenium.interactions.PointerInput$Move.encode(PointerInput.java:185)
	at org.openqa.selenium.interactions.Sequence.encode(Sequence.java:73)
	at org.openqa.selenium.interactions.Sequence.toJson(Sequence.java:82)
	... 68 more
... Removed 40 stack frames</div></td></tr></table><p class="totop"><a href="#summary">back to summary</a></p>
<h3 id="m4">com.md.testcases.ContractTest#contract_VerifySupplierAndStakeHolderInRecipientPopup</h3><table class="result"><tr><th>Exception</th></tr><tr><td><div class="stacktrace">java.lang.AssertionError: Stake holder name does not match expected [true] but found [false]
	at com.md.pages.ContractPage.VerifySupplierAndStakeHolderInRecipientPopup(ContractPage.java:1769)
	at com.md.testcases.ContractTest.contract_VerifySupplierAndStakeHolderInRecipientPopup(ContractTest.java:213)
	at java.util.ArrayList.forEach(ArrayList.java:1259)
... Removed 34 stack frames</div></td></tr></table><p class="totop"><a href="#summary">back to summary</a></p>
<h3 id="m5">com.md.testcases.QuickQuotesTest#qq_VerifyAwardLotPopup</h3><table class="result"><tr><th>Exception</th></tr><tr><td><div class="stacktrace">java.lang.AssertionError: expected [The Award Notice has been deleted.] but found [The Award Notice has been sent. Your Award details have been updated.]
	at com.md.pages.QuickQuotesPage.awardLotPopup(QuickQuotesPage.java:1141)
	at com.md.testcases.QuickQuotesTest.qq_VerifyAwardLotPopup(QuickQuotesTest.java:153)
	at java.util.ArrayList.forEach(ArrayList.java:1259)
... Removed 36 stack frames</div></td></tr></table><p class="totop"><a href="#summary">back to summary</a></p>
<h3 id="m6">com.md.testcases.QuickQuotesTest#Teardown</h3><table class="result"><tr><th class="invisible"/></tr></table><p class="totop"><a href="#summary">back to summary</a></p>
<h3 id="m7">com.md.testcases.QuickQuotesTest#qq_VerifySearchQuote</h3><table class="result"><tr><th>Exception</th></tr><tr><td><div class="stacktrace">org.openqa.selenium.ElementClickInterceptedException: element click intercepted: Element &lt;a class=&quot;menu-item-tab header-main-link&quot; href=&quot;/quick_quotes/quotes&quot; style=&quot;color: rgb(255, 255, 255);&quot;&gt;...&lt;/a&gt; is not clickable at point (344, 30). Other element would receive the click: &lt;div class=&quot;alert alert-info&quot;&gt;...&lt;/div&gt;
  (Session info: chrome=99.0.4844.82)
Build info: version: &apos;4.1.4&apos;, revision: &apos;535d840ee2&apos;
System info: host: &apos;CISM-I-458&apos;, ip: &apos;192.168.2.203&apos;, os.name: &apos;Windows 10&apos;, os.arch: &apos;amd64&apos;, os.version: &apos;10.0&apos;, java.version: &apos;1.8.0_281&apos;
Driver info: org.openqa.selenium.chrome.ChromeDriver
Command: [e4daccc12d6a657d499f1d2493a9e469, clickElement {id=6aa2f0ee-3be8-4a47-a2ae-cd44f5c59eba}]
Capabilities {acceptInsecureCerts: false, browserName: chrome, browserVersion: 99.0.4844.82, chrome: {chromedriverVersion: 99.0.4844.51 (d537ec02474b5..., userDataDir: C:\Users\cis\AppData\Local\...}, goog:chromeOptions: {debuggerAddress: localhost:60332}, javascriptEnabled: true, networkConnectionEnabled: false, pageLoadStrategy: normal, platform: WINDOWS, platformName: WINDOWS, proxy: Proxy(), se:cdp: ws://localhost:60332/devtoo..., se:cdpVersion: 99.0.4844.82, setWindowRect: true, strictFileInteractability: false, timeouts: {implicit: 0, pageLoad: 300000, script: 30000}, unhandledPromptBehavior: dismiss and notify, webauthn:extension:credBlob: true, webauthn:extension:largeBlob: true, webauthn:virtualAuthenticators: true}
Element: [[ChromeDriver: chrome on WINDOWS (e4daccc12d6a657d499f1d2493a9e469)] -&gt; xpath: //li[@class=&apos;mobile-menu-hidden&apos;]//a[@class=&apos;menu-item-tab header-main-link&apos;][normalize-space()=&apos;Quotes&apos;]]
Session ID: e4daccc12d6a657d499f1d2493a9e469
	at org.openqa.selenium.remote.codec.w3c.W3CHttpResponseCodec.createException(W3CHttpResponseCodec.java:200)
	at org.openqa.selenium.remote.codec.w3c.W3CHttpResponseCodec.decode(W3CHttpResponseCodec.java:133)
	at org.openqa.selenium.remote.codec.w3c.W3CHttpResponseCodec.decode(W3CHttpResponseCodec.java:53)
	at org.openqa.selenium.remote.HttpCommandExecutor.execute(HttpCommandExecutor.java:184)
	at org.openqa.selenium.remote.service.DriverCommandExecutor.invokeExecute(DriverCommandExecutor.java:167)
	at org.openqa.selenium.remote.service.DriverCommandExecutor.execute(DriverCommandExecutor.java:142)
	at org.openqa.selenium.remote.RemoteWebDriver.execute(RemoteWebDriver.java:567)
	at org.openqa.selenium.remote.RemoteWebElement.execute(RemoteWebElement.java:251)
	at org.openqa.selenium.remote.RemoteWebElement.click(RemoteWebElement.java:77)
	at org.openqa.selenium.support.pagefactory.internal.LocatingElementHandler.invoke(LocatingElementHandler.java:52)
	at com.sun.proxy.$Proxy30.click(Unknown Source)
	at com.md.pages.QuickQuotesPage.quoteListingToCreate(QuickQuotesPage.java:528)
	at com.md.testcases.QuickQuotesTest.Test(QuickQuotesTest.java:38)
	at java.util.ArrayList.forEach(ArrayList.java:1259)
... Removed 41 stack frames</div></td></tr></table><p class="totop"><a href="#summary">back to summary</a></p>
<h3 id="m8">com.md.testcases.ContractTest#contract_VerifyAlertMsgIfHostAddedToSupplierContact</h3><table class="result"><tr><th class="invisible"/></tr></table><p class="totop"><a href="#summary">back to summary</a></p>
<h3 id="m9">com.md.testcases.ContractTest#contract_VerifyAlertMsgIfParticipantAddedToStakeHolder</h3><table class="result"><tr><th class="invisible"/></tr></table><p class="totop"><a href="#summary">back to summary</a></p>
<h3 id="m10">com.md.testcases.ContractTest#contract_VerifyAlertMsgOnSearchingContracts</h3><table class="result"><tr><th class="invisible"/></tr></table><p class="totop"><a href="#summary">back to summary</a></p>
<h3 id="m11">com.md.testcases.ContractTest#contract_VerifyAutoSuggestionForStakeHolder</h3><table class="result"><tr><th class="invisible"/></tr></table><p class="totop"><a href="#summary">back to summary</a></p>
<h3 id="m12">com.md.testcases.ContractTest#contract_VerifyAutoSuggestionForSupplierContact</h3><table class="result"><tr><th class="invisible"/></tr></table><p class="totop"><a href="#summary">back to summary</a></p>
<h3 id="m13">com.md.testcases.ContractTest#contract_VerifyContractListingOnLanguageChange</h3><table class="result"><tr><th class="invisible"/></tr></table><p class="totop"><a href="#summary">back to summary</a></p>
<h3 id="m14">com.md.testcases.ContractTest#contract_VerifyContractValidationMsg</h3><table class="result"><tr><th class="invisible"/></tr></table><p class="totop"><a href="#summary">back to summary</a></p>
<h3 id="m15">com.md.testcases.ContractTest#contract_VerifyDisplayOfDropbox</h3><table class="result"><tr><th class="invisible"/></tr></table><p class="totop"><a href="#summary">back to summary</a></p>
<h3 id="m16">com.md.testcases.ContractTest#contract_VerifyDisplayOfParentHeirarchyDropdown</h3><table class="result"><tr><th class="invisible"/></tr></table><p class="totop"><a href="#summary">back to summary</a></p>
<h3 id="m17">com.md.testcases.ContractTest#contract_VerifyDisplayOfSupplierContactDetails</h3><table class="result"><tr><th class="invisible"/></tr></table><p class="totop"><a href="#summary">back to summary</a></p>
<h3 id="m18">com.md.testcases.ContractTest#contract_VerifyHeadingOnContractListingPage</h3><table class="result"><tr><th class="invisible"/></tr></table><p class="totop"><a href="#summary">back to summary</a></p>
<h3 id="m19">com.md.testcases.ContractTest#contract_VerifyLanguageChange</h3><table class="result"><tr><th class="invisible"/></tr></table><p class="totop"><a href="#summary">back to summary</a></p>
<h3 id="m20">com.md.testcases.ContractTest#contract_VerifyNoticePeriodChangeAccordingToPeriodSelected</h3><table class="result"><tr><th class="invisible"/></tr></table><p class="totop"><a href="#summary">back to summary</a></p>
<h3 id="m21">com.md.testcases.ContractTest#contract_VerifyOneMonthNoticePeriodIsSelectedByDefault</h3><table class="result"><tr><th class="invisible"/></tr></table><p class="totop"><a href="#summary">back to summary</a></p>
<h3 id="m22">com.md.testcases.ContractTest#contract_VerifyRemovalOfSupplierContact</h3><table class="result"><tr><th class="invisible"/></tr></table><p class="totop"><a href="#summary">back to summary</a></p>
<h3 id="m23">com.md.testcases.ContractTest#contract_VerifySearchContractUsingExpiryDate</h3><table class="result"><tr><th class="invisible"/></tr></table><p class="totop"><a href="#summary">back to summary</a></p>
<h3 id="m24">com.md.testcases.ContractTest#contract_VerifySearchContractUsingStartDate</h3><table class="result"><tr><th class="invisible"/></tr></table><p class="totop"><a href="#summary">back to summary</a></p>
<h3 id="m25">com.md.testcases.ContractTest#contract_VerifySearchContractUsingTitle</h3><table class="result"><tr><th class="invisible"/></tr></table><p class="totop"><a href="#summary">back to summary</a></p>
<h3 id="m26">com.md.testcases.ContractTest#contract_VerifyUserIsAbleToAddContract</h3><table class="result"><tr><th class="invisible"/></tr></table><p class="totop"><a href="#summary">back to summary</a></p>
<h3 id="m27">com.md.testcases.ContractTest#contract_VerifyUserIsAbleToEditContract</h3><table class="result"><tr><th class="invisible"/></tr></table><p class="totop"><a href="#summary">back to summary</a></p>
<h3 id="m28">com.md.testcases.ContractTest#contract_VerifyUserIsAbleToSearchContract</h3><table class="result"><tr><th class="invisible"/></tr></table><p class="totop"><a href="#summary">back to summary</a></p>
<h3 id="m29">com.md.testcases.ContractTest#contract_VerifyUserNavigationToContractForm</h3><table class="result"><tr><th class="invisible"/></tr></table><p class="totop"><a href="#summary">back to summary</a></p>
<h3 id="m30">com.md.testcases.QuickQuotesTest#qq_VerfiyEditQQEvent</h3><table class="result"><tr><th class="invisible"/></tr></table><p class="totop"><a href="#summary">back to summary</a></p>
<h3 id="m31">com.md.testcases.QuickQuotesTest#qq_VerfiyQQEventWithAllDetails</h3><table class="result"><tr><th class="invisible"/></tr></table><p class="totop"><a href="#summary">back to summary</a></p>
<h3 id="m32">com.md.testcases.QuickQuotesTest#qq_VerifyCKEditor</h3><table class="result"><tr><th class="invisible"/></tr></table><p class="totop"><a href="#summary">back to summary</a></p>
<h3 id="m33">com.md.testcases.QuickQuotesTest#qq_VerifyClosedReopenEvent</h3><table class="result"><tr><th class="invisible"/></tr></table><p class="totop"><a href="#summary">back to summary</a></p>
<h3 id="m34">com.md.testcases.QuickQuotesTest#qq_VerifyCompanyLogo</h3><table class="result"><tr><th class="invisible"/></tr></table><p class="totop"><a href="#summary">back to summary</a></p>
<h3 id="m35">com.md.testcases.QuickQuotesTest#qq_VerifyCurrencySymbol</h3><table class="result"><tr><th class="invisible"/></tr></table><p class="totop"><a href="#summary">back to summary</a></p>
<h3 id="m36">com.md.testcases.QuickQuotesTest#qq_VerifyDeleteQuote</h3><table class="result"><tr><th class="invisible"/></tr></table><p class="totop"><a href="#summary">back to summary</a></p>
<h3 id="m37">com.md.testcases.QuickQuotesTest#qq_VerifyEditContent</h3><table class="result"><tr><th class="invisible"/></tr></table><p class="totop"><a href="#summary">back to summary</a></p>
<h3 id="m38">com.md.testcases.QuickQuotesTest#qq_VerifyGetQuoteButtonIsDisable</h3><table class="result"><tr><th class="invisible"/></tr></table><p class="totop"><a href="#summary">back to summary</a></p>
<h3 id="m39">com.md.testcases.QuickQuotesTest#qq_VerifyParticpantAddedFromGroup</h3><table class="result"><tr><th class="invisible"/></tr></table><p class="totop"><a href="#summary">back to summary</a></p>
<h3 id="m40">com.md.testcases.QuickQuotesTest#qq_VerifyQuestionnaireAndAllowResubmissioninSandpit</h3><table class="result"><tr><th class="invisible"/></tr></table><p class="totop"><a href="#summary">back to summary</a></p>
<h3 id="m41">com.md.testcases.QuickQuotesTest#qq_VerifyQuotebyName</h3><table class="result"><tr><th class="invisible"/></tr></table><p class="totop"><a href="#summary">back to summary</a></p>
<h3 id="m42">com.md.testcases.QuickQuotesTest#qq_VerifyTitleTest</h3><table class="result"><tr><th class="invisible"/></tr></table><p class="totop"><a href="#summary">back to summary</a></p>
<h3 id="m43">com.md.testcases.QuickQuotesTest#qq_VerifyToasterMessage</h3><table class="result"><tr><th class="invisible"/></tr></table><p class="totop"><a href="#summary">back to summary</a></p>
<h3 id="m44">com.md.testcases.QuickQuotesTest#qq_VerifyUserName</h3><table class="result"><tr><th class="invisible"/></tr></table><p class="totop"><a href="#summary">back to summary</a></p>
<h3 id="m45">com.md.testcases.QuickQuotesTest#qq_VerifyValidationMessageOnNamefield</h3><table class="result"><tr><th class="invisible"/></tr></table><p class="totop"><a href="#summary">back to summary</a></p>
</body>
</html>
